<?xml version="1.0" encoding="UTF-8"?>
<testsuite xmlns:xsi="http://www.w3.org/2001/XMLSchema-instance" xsi:noNamespaceSchemaLocation="https://maven.apache.org/surefire/maven-surefire-plugin/xsd/surefire-test-report.xsd" version="3.0.2" name="org.woodchuck.vsbus.VsbusConsumerApplicationTests" time="12.076" tests="1" errors="0" skipped="0" failures="0" flakes="0">
  <properties>
[...]
</properties>
  <testcase name="contextLoads" classname="org.woodchuck.vsbus.VsbusConsumerApplicationTests" time="3.327">
    <system-out><![CDATA[09:07:57.390 [main] INFO org.springframework.test.context.support.AnnotationConfigContextLoaderUtils -- Could not detect default configuration classes for test class [org.woodchuck.vsbus.VsbusConsumerApplicationTests]: VsbusConsumerApplicationTests does not declare any static, non-private, non-final, nested classes annotated with @Configuration.
09:07:57.955 [main] INFO org.springframework.boot.test.context.SpringBootTestContextBootstrapper -- Found @SpringBootConfiguration org.woodchuck.vsbus.VsbusConsumerApplication for test class org.woodchuck.vsbus.VsbusConsumerApplicationTests
09:07:58.530 [main] INFO org.springframework.test.context.support.AnnotationConfigContextLoaderUtils -- Could not detect default configuration classes for test class [org.woodchuck.vsbus.VsbusConsumerApplicationTests]: VsbusConsumerApplicationTests does not declare any static, non-private, non-final, nested classes annotated with @Configuration.
09:07:58.545 [main] INFO org.springframework.boot.test.context.SpringBootTestContextBootstrapper -- Found @SpringBootConfiguration org.woodchuck.vsbus.VsbusConsumerApplication for test class org.woodchuck.vsbus.VsbusConsumerApplicationTests

  .   ____          _            __ _ _
 /\\ / ___'_ __ _ _(_)_ __  __ _ \ \ \ \
( ( )\___ | '_ | '_| | '_ \/ _` | \ \ \ \
 \\/  ___)| |_)| | | | | || (_| |  ) ) ) )
  '  |____| .__|_| |_|_| |_\__, | / / / /
 =========|_|==============|___/=/_/_/_/

 :: Spring Boot ::                (v4.0.6)

2026-05-15T09:08:00.903-04:00  INFO 2253538 --- [vsbus] [           main] o.w.vsbus.VsbusConsumerApplicationTests  : Starting VsbusConsumerApplicationTests using Java 21.0.10 with PID 2253538 (started by ar in /home/ar/desperado/woodchuck/gaZap/vsConsumer)
2026-05-15T09:08:00.910-04:00  INFO 2253538 --- [vsbus] [           main] o.w.vsbus.VsbusConsumerApplicationTests  : No active profile set, falling back to 1 default profile: "default"
2026-05-15T09:08:05.564-04:00  INFO 2253538 --- [vsbus] [           main] o.w.vsbus.VsbusConsumerApplicationTests  : Started VsbusConsumerApplicationTests in 6.694 seconds (process running for 13.625)
]]></system-out>
    <system-err><![CDATA[Mockito is currently self-attaching to enable the inline-mock-maker. This will no longer work in future releases of the JDK. Please add Mockito as an agent to your build as described in Mockito's documentation: https://javadoc.io/doc/org.mockito/mockito-core/latest/org.mockito/org/mockito/Mockito.html#0.3
WARNING: A Java agent has been loaded dynamically (/home/ar/.m2/repository/net/bytebuddy/byte-buddy-agent/1.17.8/byte-buddy-agent-1.17.8.jar)
WARNING: If a serviceability tool is in use, please run with -XX:+EnableDynamicAgentLoading to hide this warning
WARNING: If a serviceability tool is not in use, please run with -Djdk.instrument.traceUsage for more information
WARNING: Dynamic loading of agents will be disallowed by default in a future release
]]></system-err>
  </testcase>
</testsuite>